Assuming unrestricted shared filesystem usage.
host: DESKTOP-I6DKJ55
Building DAG of jobs...
Using shell: /usr/bin/bash
Provided cores: 4
Rules claiming more threads will be scaled down.
Job stats:
job                 count
----------------  -------
split_patches           1
discover_patches        1
resolve_patches         1
all                     1
total                   4

Select jobs to execute...
Execute 1 jobs...
[Sun May  3 20:50:56 2026]
localrule split_patches:
    output: /tmp/patchify_snakemake_run/.snakemake_cache/n_patches.txt, /tmp/patchify_snakemake_run/.snakemake_cache/split_done.txt
    jobid: 3
    reason: Missing output files: /tmp/patchify_snakemake_run/.snakemake_cache/n_patches.txt
    resources: tmpdir=/tmp
Touching output file /tmp/patchify_snakemake_run/.snakemake_cache/split_done.txt.
[Sun May  3 20:51:06 2026]
Finished jobid: 3 (Rule: split_patches)
1 of 4 steps (25%) done
Select jobs to execute...
Execute 1 jobs...
[Sun May  3 20:51:06 2026]
localcheckpoint discover_patches:
    input: /tmp/patchify_snakemake_run/.snakemake_cache/n_patches.txt
    output: /tmp/patchify_snakemake_run/.snakemake_cache/discover_done.txt
    jobid: 2
    reason: Missing output files: /tmp/patchify_snakemake_run/.snakemake_cache/discover_done.txt; Input files updated by another job: /tmp/patchify_snakemake_run/.snakemake_cache/n_patches.txt
    resources: tmpdir=/tmp
DAG of jobs will be updated after completion.
[Sun May  3 20:51:06 2026]
Finished jobid: 2 (Rule: discover_patches)
2 of 4 steps (50%) done
Updating checkpoint dependencies.
Select jobs to execute...
Execute 4 jobs...
[Sun May  3 20:51:06 2026]
localrule segment_patch:
    input: /tmp/patchify_snakemake_run/.snakemake_cache/patches/7.csv
    output: /tmp/patchify_snakemake_run/.snakemake_cache/segmented/7.done
    jobid: 13
    reason: Missing output files: /tmp/patchify_snakemake_run/.snakemake_cache/segmented/7.done
    wildcards: patch_index=7
    resources: tmpdir=/tmp
[Sun May  3 20:51:06 2026]
localrule segment_patch:
    input: /tmp/patchify_snakemake_run/.snakemake_cache/patches/3.csv
    output: /tmp/patchify_snakemake_run/.snakemake_cache/segmented/3.done
    jobid: 9
    reason: Missing output files: /tmp/patchify_snakemake_run/.snakemake_cache/segmented/3.done
    wildcards: patch_index=3
    resources: tmpdir=/tmp
[Sun May  3 20:51:06 2026]
localrule segment_patch:
    input: /tmp/patchify_snakemake_run/.snakemake_cache/patches/6.csv
    output: /tmp/patchify_snakemake_run/.snakemake_cache/segmented/6.done
    jobid: 12
    reason: Missing output files: /tmp/patchify_snakemake_run/.snakemake_cache/segmented/6.done
    wildcards: patch_index=6
    resources: tmpdir=/tmp
[Sun May  3 20:51:06 2026]
localrule segment_patch:
    input: /tmp/patchify_snakemake_run/.snakemake_cache/patches/2.csv
    output: /tmp/patchify_snakemake_run/.snakemake_cache/segmented/2.done
    jobid: 8
    reason: Missing output files: /tmp/patchify_snakemake_run/.snakemake_cache/segmented/2.done
    wildcards: patch_index=2
    resources: tmpdir=/tmp
Select jobs to execute...
Touching output file /tmp/patchify_snakemake_run/.snakemake_cache/segmented/3.done.
[Sun May  3 20:51:32 2026]
Finished jobid: 9 (Rule: segment_patch)
3 of 13 steps (23%) done
Execute 1 jobs...
[Sun May  3 20:51:32 2026]
localrule segment_patch:
    input: /tmp/patchify_snakemake_run/.snakemake_cache/patches/4.csv
    output: /tmp/patchify_snakemake_run/.snakemake_cache/segmented/4.done
    jobid: 10
    reason: Missing output files: /tmp/patchify_snakemake_run/.snakemake_cache/segmented/4.done
    wildcards: patch_index=4
    resources: tmpdir=/tmp
Touching output file /tmp/patchify_snakemake_run/.snakemake_cache/segmented/7.done.
[Sun May  3 20:51:32 2026]
Finished jobid: 13 (Rule: segment_patch)
4 of 13 steps (31%) done
Select jobs to execute...
Execute 1 jobs...
[Sun May  3 20:51:32 2026]
localrule segment_patch:
    input: /tmp/patchify_snakemake_run/.snakemake_cache/patches/8.csv
    output: /tmp/patchify_snakemake_run/.snakemake_cache/segmented/8.done
    jobid: 14
    reason: Missing output files: /tmp/patchify_snakemake_run/.snakemake_cache/segmented/8.done
    wildcards: patch_index=8
    resources: tmpdir=/tmp
Touching output file /tmp/patchify_snakemake_run/.snakemake_cache/segmented/2.done.
[Sun May  3 20:51:32 2026]
Finished jobid: 8 (Rule: segment_patch)
5 of 13 steps (38%) done
Select jobs to execute...
Execute 1 jobs...
[Sun May  3 20:51:32 2026]
localrule segment_patch:
    input: /tmp/patchify_snakemake_run/.snakemake_cache/patches/1.csv
    output: /tmp/patchify_snakemake_run/.snakemake_cache/segmented/1.done
    jobid: 7
    reason: Missing output files: /tmp/patchify_snakemake_run/.snakemake_cache/segmented/1.done
    wildcards: patch_index=1
    resources: tmpdir=/tmp
Touching output file /tmp/patchify_snakemake_run/.snakemake_cache/segmented/6.done.
[Sun May  3 20:51:32 2026]
Finished jobid: 12 (Rule: segment_patch)
6 of 13 steps (46%) done
Select jobs to execute...
Execute 1 jobs...
[Sun May  3 20:51:32 2026]
localrule segment_patch:
    input: /tmp/patchify_snakemake_run/.snakemake_cache/patches/5.csv
    output: /tmp/patchify_snakemake_run/.snakemake_cache/segmented/5.done
    jobid: 11
    reason: Missing output files: /tmp/patchify_snakemake_run/.snakemake_cache/segmented/5.done
    wildcards: patch_index=5
    resources: tmpdir=/tmp
Select jobs to execute...
Touching output file /tmp/patchify_snakemake_run/.snakemake_cache/segmented/8.done.
[Sun May  3 20:52:05 2026]
Finished jobid: 14 (Rule: segment_patch)
7 of 13 steps (54%) done
Execute 1 jobs...
[Sun May  3 20:52:05 2026]
localrule segment_patch:
    input: /tmp/patchify_snakemake_run/.snakemake_cache/patches/0.csv
    output: /tmp/patchify_snakemake_run/.snakemake_cache/segmented/0.done
    jobid: 6
    reason: Missing output files: /tmp/patchify_snakemake_run/.snakemake_cache/segmented/0.done
    wildcards: patch_index=0
    resources: tmpdir=/tmp
Touching output file /tmp/patchify_snakemake_run/.snakemake_cache/segmented/4.done.
[Sun May  3 20:52:05 2026]
Finished jobid: 10 (Rule: segment_patch)
8 of 13 steps (62%) done
Touching output file /tmp/patchify_snakemake_run/.snakemake_cache/segmented/1.done.
[Sun May  3 20:52:05 2026]
Finished jobid: 7 (Rule: segment_patch)
9 of 13 steps (69%) done
Touching output file /tmp/patchify_snakemake_run/.snakemake_cache/segmented/5.done.
[Sun May  3 20:52:05 2026]
Finished jobid: 11 (Rule: segment_patch)
10 of 13 steps (77%) done
Touching output file /tmp/patchify_snakemake_run/.snakemake_cache/segmented/0.done.
[Sun May  3 20:52:20 2026]
Finished jobid: 6 (Rule: segment_patch)
11 of 13 steps (85%) done
Select jobs to execute...
Execute 1 jobs...
[Sun May  3 20:52:20 2026]
localrule resolve_patches:
    input: /tmp/patchify_snakemake_run/.snakemake_cache/segmented/0.done, /tmp/patchify_snakemake_run/.snakemake_cache/segmented/1.done, /tmp/patchify_snakemake_run/.snakemake_cache/segmented/2.done, /tmp/patchify_snakemake_run/.snakemake_cache/segmented/3.done, /tmp/patchify_snakemake_run/.snakemake_cache/segmented/4.done, /tmp/patchify_snakemake_run/.snakemake_cache/segmented/5.done, /tmp/patchify_snakemake_run/.snakemake_cache/segmented/6.done, /tmp/patchify_snakemake_run/.snakemake_cache/segmented/7.done, /tmp/patchify_snakemake_run/.snakemake_cache/segmented/8.done
    output: /tmp/patchify_snakemake_run/patchify_resolved.parquet
    jobid: 1
    reason: Missing output files: /tmp/patchify_snakemake_run/patchify_resolved.parquet; Input files updated by another job: /tmp/patchify_snakemake_run/.snakemake_cache/segmented/1.done, /tmp/patchify_snakemake_run/.snakemake_cache/segmented/3.done, /tmp/patchify_snakemake_run/.snakemake_cache/segmented/7.done, /tmp/patchify_snakemake_run/.snakemake_cache/segmented/2.done, /tmp/patchify_snakemake_run/.snakemake_cache/segmented/0.done, /tmp/patchify_snakemake_run/.snakemake_cache/segmented/6.done, /tmp/patchify_snakemake_run/.snakemake_cache/segmented/4.done, /tmp/patchify_snakemake_run/.snakemake_cache/segmented/8.done, /tmp/patchify_snakemake_run/.snakemake_cache/segmented/5.done
    resources: tmpdir=/tmp
[Sun May  3 20:52:32 2026]
Finished jobid: 1 (Rule: resolve_patches)
12 of 13 steps (92%) done
Select jobs to execute...
Execute 1 jobs...
[Sun May  3 20:52:32 2026]
localrule all:
    input: /tmp/patchify_snakemake_run/patchify_resolved.parquet
    jobid: 0
    reason: Input files updated by another job: /tmp/patchify_snakemake_run/patchify_resolved.parquet
    resources: tmpdir=/tmp
[Sun May  3 20:52:32 2026]
Finished jobid: 0 (Rule: all)
13 of 13 steps (100%) done
Complete log(s): /home/zf-li23/SubCellSpace/.snakemake/log/2026-05-03T205056.692278.snakemake.log
